<?xml version="1.0" encoding="UTF-8"?>
<!-- Generated by org.testng.reporters.JUnitXMLReporter -->
<testsuite ignored="0" hostname="LAPTOP-SQN05NQ4" failures="0" tests="4" name="Login Page Test" time="7.932" errors="0" timestamp="2023-11-28T11:37:08 IST">
  <testcase classname="com.qa.opencart.test.LoginPageTest" name="loginPageTitleTest" time="0.031"/>
  <testcase classname="com.qa.opencart.test.LoginPageTest" name="loginPageUrlTest" time="0.019"/>
  <testcase classname="com.qa.opencart.test.LoginPageTest" name="forgotPwdLinkTest" time="0.065"/>
  <testcase classname="com.qa.opencart.test.LoginPageTest" name="loginTest" time="2.126"/>
</testsuite> <!-- Login Page Test -->
