<?xml version="1.0" encoding="UTF-8"?>
<!-- Generated by org.testng.reporters.JUnitXMLReporter -->
<testsuite ignored="0" hostname="LAPTOP-SQN05NQ4" failures="0" tests="6" name="Product Info Page Test" time="81.155" errors="0" timestamp="2023-10-25T21:40:04 IST">
  <testcase classname="com.qa.opencart.test.ProductPageInfoTest" name="addToCartTest" time="12.047"/>
  <testcase classname="com.qa.opencart.test.ProductPageInfoTest" name="productImagesCountTest" time="6.393"/>
  <testcase classname="com.qa.opencart.test.ProductPageInfoTest" name="productImagesCountTest" time="13.627"/>
  <testcase classname="com.qa.opencart.test.ProductPageInfoTest" name="productImagesCountTest" time="6.723"/>
  <testcase classname="com.qa.opencart.test.ProductPageInfoTest" name="productImagesCountTest" time="7.218"/>
  <testcase classname="com.qa.opencart.test.ProductPageInfoTest" name="productInfoPage" time="8.688"/>
</testsuite> <!-- Product Info Page Test -->
