<?xml version="1.0" encoding="UTF-8"?>
<!-- Generated by org.testng.reporters.JUnitXMLReporter -->
<testsuite ignored="0" hostname="LAPTOP-SQN05NQ4" failures="0" tests="6" name="Product Info Page Test" time="30.745" errors="0" timestamp="2023-11-28T11:38:34 IST">
  <testcase classname="com.qa.opencart.test.ProductPageInfoTest" name="addToCartTest" time="5.684"/>
  <testcase classname="com.qa.opencart.test.ProductPageInfoTest" name="productImagesCountTest" time="3.145"/>
  <testcase classname="com.qa.opencart.test.ProductPageInfoTest" name="productImagesCountTest" time="2.817"/>
  <testcase classname="com.qa.opencart.test.ProductPageInfoTest" name="productImagesCountTest" time="3.982"/>
  <testcase classname="com.qa.opencart.test.ProductPageInfoTest" name="productImagesCountTest" time="3.584"/>
  <testcase classname="com.qa.opencart.test.ProductPageInfoTest" name="productInfoPage" time="4.246"/>
</testsuite> <!-- Product Info Page Test -->
