<?xml version="1.0" encoding="UTF-8"?>
<!-- Generated by org.testng.reporters.JUnitXMLReporter -->
<testsuite ignored="0" hostname="LAPTOP-SQN05NQ4" failures="0" tests="3" name="Register Page Test" time="88.852" errors="0" timestamp="2023-10-25T21:40:12 IST">
  <testcase classname="com.qa.opencart.test.RegisterPageTest" name="userRegTest" time="22.176"/>
  <testcase classname="com.qa.opencart.test.RegisterPageTest" name="userRegTest" time="17.518"/>
  <testcase classname="com.qa.opencart.test.RegisterPageTest" name="userRegTest" time="21.51"/>
</testsuite> <!-- Register Page Test -->
