<?xml version="1.0" encoding="UTF-8"?>
<!-- Generated by org.testng.reporters.JUnitXMLReporter -->
<testsuite ignored="0" hostname="LAPTOP-SQN05NQ4" failures="0" tests="3" name="Register Page Test" time="45.413" errors="0" timestamp="2023-11-28T11:36:59 IST">
  <testcase classname="com.qa.opencart.test.RegisterPageTest" name="userRegTest" time="10.879"/>
  <testcase classname="com.qa.opencart.test.RegisterPageTest" name="userRegTest" time="10.367"/>
  <testcase classname="com.qa.opencart.test.RegisterPageTest" name="userRegTest" time="10.336"/>
</testsuite> <!-- Register Page Test -->
