<?xml version="1.0" encoding="UTF-8"?>
<testng-results ignored="0" total="27" passed="27" failed="0" skipped="0">
  <reporter-output>
  </reporter-output>
  <suite started-at="2023-11-28T11:36:14 IST" name="Opencart App Test Regression Suite" finished-at="2023-11-28T11:38:34 IST" duration-ms="140049">
    <groups>
    </groups>
    <test started-at="2023-11-28T11:36:14 IST" name="Register Page Test" finished-at="2023-11-28T11:36:59 IST" duration-ms="45413">
      <class name="com.qa.opencart.test.RegisterPageTest">
        <test-method is-config="true" signature="setup()[pri:0, instance:com.qa.opencart.test.RegisterPageTest@1db7157f]" started-at="2023-11-28T11:36:14 IST" name="setup" finished-at="2023-11-28T11:36:24 IST" duration-ms="10345" status="PASS">
          <reporter-output>
          </reporter-output>
        </test-method> <!-- setup -->
        <test-method is-config="true" signature="regPageSetup()[pri:0, instance:com.qa.opencart.test.RegisterPageTest@1db7157f]" started-at="2023-11-28T11:36:24 IST" name="regPageSetup" finished-at="2023-11-28T11:36:26 IST" duration-ms="1529" status="PASS">
          <reporter-output>
          </reporter-output>
        </test-method> <!-- regPageSetup -->
        <test-method signature="userRegTest(java.lang.String,java.lang.String,java.lang.String,java.lang.String,java.lang.String)[pri:0, instance:com.qa.opencart.test.RegisterPageTest@1db7157f]" started-at="2023-11-28T11:36:27 IST" name="userRegTest" data-provider="getRegTestData" finished-at="2023-11-28T11:36:38 IST" duration-ms="10879" status="PASS">
          <params>
            <param index="0">
              <value>
                <![CDATA[amir]]>
              </value>
            </param>
            <param index="1">
              <value>
                <![CDATA[tester]]>
              </value>
            </param>
            <param index="2">
              <value>
                <![CDATA[9267899098]]>
              </value>
            </param>
            <param index="3">
              <value>
                <![CDATA[123@test]]>
              </value>
            </param>
            <param index="4">
              <value>
                <![CDATA[yes]]>
              </value>
            </param>
          </params>
          <reporter-output>
          </reporter-output>
        </test-method> <!-- userRegTest -->
        <test-method signature="userRegTest(java.lang.String,java.lang.String,java.lang.String,java.lang.String,java.lang.String)[pri:0, instance:com.qa.opencart.test.RegisterPageTest@1db7157f]" started-at="2023-11-28T11:36:38 IST" name="userRegTest" data-provider="getRegTestData" finished-at="2023-11-28T11:36:49 IST" duration-ms="10367" status="PASS">
          <params>
            <param index="0">
              <value>
                <![CDATA[iravati]]>
              </value>
            </param>
            <param index="1">
              <value>
                <![CDATA[tester]]>
              </value>
            </param>
            <param index="2">
              <value>
                <![CDATA[9099909876]]>
              </value>
            </param>
            <param index="3">
              <value>
                <![CDATA[ira@34]]>
              </value>
            </param>
            <param index="4">
              <value>
                <![CDATA[no]]>
              </value>
            </param>
          </params>
          <reporter-output>
          </reporter-output>
        </test-method> <!-- userRegTest -->
        <test-method signature="userRegTest(java.lang.String,java.lang.String,java.lang.String,java.lang.String,java.lang.String)[pri:0, instance:com.qa.opencart.test.RegisterPageTest@1db7157f]" started-at="2023-11-28T11:36:49 IST" name="userRegTest" data-provider="getRegTestData" finished-at="2023-11-28T11:36:59 IST" duration-ms="10336" status="PASS">
          <params>
            <param index="0">
              <value>
                <![CDATA[anu]]>
              </value>
            </param>
            <param index="1">
              <value>
                <![CDATA[tester]]>
              </value>
            </param>
            <param index="2">
              <value>
                <![CDATA[9898765432]]>
              </value>
            </param>
            <param index="3">
              <value>
                <![CDATA[anu34]]>
              </value>
            </param>
            <param index="4">
              <value>
                <![CDATA[yes]]>
              </value>
            </param>
          </params>
          <reporter-output>
          </reporter-output>
        </test-method> <!-- userRegTest -->
        <test-method is-config="true" signature="tearDown()[pri:0, instance:com.qa.opencart.test.RegisterPageTest@1db7157f]" started-at="2023-11-28T11:36:59 IST" name="tearDown" finished-at="2023-11-28T11:36:59 IST" duration-ms="267" status="PASS">
          <reporter-output>
          </reporter-output>
        </test-method> <!-- tearDown -->
      </class> <!-- com.qa.opencart.test.RegisterPageTest -->
    </test> <!-- Register Page Test -->
    <test started-at="2023-11-28T11:37:00 IST" name="Login Page Test" finished-at="2023-11-28T11:37:08 IST" duration-ms="7932">
      <class name="com.qa.opencart.test.LoginPageTest">
        <test-method is-config="true" signature="setup()[pri:0, instance:com.qa.opencart.test.LoginPageTest@7e307087]" started-at="2023-11-28T11:37:00 IST" name="setup" finished-at="2023-11-28T11:37:05 IST" duration-ms="5466" status="PASS">
          <reporter-output>
          </reporter-output>
        </test-method> <!-- setup -->
        <test-method signature="loginPageTitleTest()[pri:1, instance:com.qa.opencart.test.LoginPageTest@7e307087]" started-at="2023-11-28T11:37:05 IST" name="loginPageTitleTest" finished-at="2023-11-28T11:37:05 IST" duration-ms="31" status="PASS">
          <reporter-output>
          </reporter-output>
        </test-method> <!-- loginPageTitleTest -->
        <test-method signature="loginPageUrlTest()[pri:2, instance:com.qa.opencart.test.LoginPageTest@7e307087]" started-at="2023-11-28T11:37:05 IST" name="loginPageUrlTest" finished-at="2023-11-28T11:37:05 IST" duration-ms="19" status="PASS">
          <reporter-output>
          </reporter-output>
        </test-method> <!-- loginPageUrlTest -->
        <test-method signature="forgotPwdLinkTest()[pri:3, instance:com.qa.opencart.test.LoginPageTest@7e307087]" started-at="2023-11-28T11:37:05 IST" name="forgotPwdLinkTest" finished-at="2023-11-28T11:37:05 IST" duration-ms="65" status="PASS">
          <reporter-output>
          </reporter-output>
        </test-method> <!-- forgotPwdLinkTest -->
        <test-method signature="loginTest()[pri:4, instance:com.qa.opencart.test.LoginPageTest@7e307087]" started-at="2023-11-28T11:37:05 IST" name="loginTest" finished-at="2023-11-28T11:37:08 IST" duration-ms="2126" status="PASS">
          <reporter-output>
          </reporter-output>
        </test-method> <!-- loginTest -->
        <test-method is-config="true" signature="tearDown()[pri:0, instance:com.qa.opencart.test.LoginPageTest@7e307087]" started-at="2023-11-28T11:37:08 IST" name="tearDown" finished-at="2023-11-28T11:37:08 IST" duration-ms="208" status="PASS">
          <reporter-output>
          </reporter-output>
        </test-method> <!-- tearDown -->
      </class> <!-- com.qa.opencart.test.LoginPageTest -->
    </test> <!-- Login Page Test -->
    <test started-at="2023-11-28T11:37:08 IST" name="Account Page Test" finished-at="2023-11-28T11:38:03 IST" duration-ms="55092">
      <class name="com.qa.opencart.test.AccountsPageTest">
        <test-method is-config="true" signature="setup()[pri:0, instance:com.qa.opencart.test.AccountsPageTest@2a43e0ac]" started-at="2023-11-28T11:37:08 IST" name="setup" finished-at="2023-11-28T11:37:14 IST" duration-ms="6148" status="PASS">
          <reporter-output>
          </reporter-output>
        </test-method> <!-- setup -->
        <test-method is-config="true" signature="accPageSetup()[pri:0, instance:com.qa.opencart.test.AccountsPageTest@2a43e0ac]" started-at="2023-11-28T11:37:14 IST" name="accPageSetup" finished-at="2023-11-28T11:37:17 IST" duration-ms="2768" status="PASS">
          <reporter-output>
          </reporter-output>
        </test-method> <!-- accPageSetup -->
        <test-method signature="accHeadersCountTest()[pri:0, instance:com.qa.opencart.test.AccountsPageTest@2a43e0ac]" started-at="2023-11-28T11:37:17 IST" name="accHeadersCountTest" finished-at="2023-11-28T11:37:17 IST" duration-ms="132" status="PASS">
          <reporter-output>
          </reporter-output>
        </test-method> <!-- accHeadersCountTest -->
        <test-method signature="accHeadersValueTest()[pri:0, instance:com.qa.opencart.test.AccountsPageTest@2a43e0ac]" started-at="2023-11-28T11:37:17 IST" name="accHeadersValueTest" finished-at="2023-11-28T11:37:17 IST" duration-ms="94" status="PASS">
          <reporter-output>
          </reporter-output>
        </test-method> <!-- accHeadersValueTest -->
        <test-method signature="accPageTitleTest()[pri:0, instance:com.qa.opencart.test.AccountsPageTest@2a43e0ac]" started-at="2023-11-28T11:37:17 IST" name="accPageTitleTest" finished-at="2023-11-28T11:37:17 IST" duration-ms="16" status="PASS">
          <reporter-output>
          </reporter-output>
        </test-method> <!-- accPageTitleTest -->
        <test-method signature="accPageUrlTest()[pri:0, instance:com.qa.opencart.test.AccountsPageTest@2a43e0ac]" started-at="2023-11-28T11:37:17 IST" name="accPageUrlTest" finished-at="2023-11-28T11:37:17 IST" duration-ms="15" status="PASS">
          <reporter-output>
          </reporter-output>
        </test-method> <!-- accPageUrlTest -->
        <test-method signature="isLogoutLinkExistTest()[pri:0, instance:com.qa.opencart.test.AccountsPageTest@2a43e0ac]" started-at="2023-11-28T11:37:17 IST" name="isLogoutLinkExistTest" finished-at="2023-11-28T11:37:17 IST" duration-ms="56" status="PASS">
          <reporter-output>
          </reporter-output>
        </test-method> <!-- isLogoutLinkExistTest -->
        <test-method signature="searchProductCountTest(java.lang.String)[pri:0, instance:com.qa.opencart.test.AccountsPageTest@2a43e0ac]" started-at="2023-11-28T11:37:17 IST" name="searchProductCountTest" data-provider="getProductData" finished-at="2023-11-28T11:37:20 IST" duration-ms="2419" status="PASS">
          <params>
            <param index="0">
              <value>
                <![CDATA[Macbook]]>
              </value>
            </param>
          </params>
          <reporter-output>
          </reporter-output>
        </test-method> <!-- searchProductCountTest -->
        <test-method signature="searchProductCountTest(java.lang.String)[pri:0, instance:com.qa.opencart.test.AccountsPageTest@2a43e0ac]" started-at="2023-11-28T11:37:20 IST" name="searchProductCountTest" data-provider="getProductData" finished-at="2023-11-28T11:37:22 IST" duration-ms="2784" status="PASS">
          <params>
            <param index="0">
              <value>
                <![CDATA[Samsung]]>
              </value>
            </param>
          </params>
          <reporter-output>
          </reporter-output>
        </test-method> <!-- searchProductCountTest -->
        <test-method signature="searchProductCountTest(java.lang.String)[pri:0, instance:com.qa.opencart.test.AccountsPageTest@2a43e0ac]" started-at="2023-11-28T11:37:22 IST" name="searchProductCountTest" data-provider="getProductData" finished-at="2023-11-28T11:37:25 IST" duration-ms="2550" status="PASS">
          <params>
            <param index="0">
              <value>
                <![CDATA[Apple]]>
              </value>
            </param>
          </params>
          <reporter-output>
          </reporter-output>
        </test-method> <!-- searchProductCountTest -->
        <test-method signature="searchProductCountTest(java.lang.String)[pri:0, instance:com.qa.opencart.test.AccountsPageTest@2a43e0ac]" started-at="2023-11-28T11:37:25 IST" name="searchProductCountTest" data-provider="getProductData" finished-at="2023-11-28T11:37:27 IST" duration-ms="2404" status="PASS">
          <params>
            <param index="0">
              <value>
                <![CDATA[iMac]]>
              </value>
            </param>
          </params>
          <reporter-output>
          </reporter-output>
        </test-method> <!-- searchProductCountTest -->
        <test-method signature="searchProductTest(java.lang.String,java.lang.String)[pri:0, instance:com.qa.opencart.test.AccountsPageTest@2a43e0ac]" started-at="2023-11-28T11:37:27 IST" name="searchProductTest" data-provider="getProductTestData" finished-at="2023-11-28T11:37:34 IST" duration-ms="7093" status="PASS">
          <params>
            <param index="0">
              <value>
                <![CDATA[Macbook]]>
              </value>
            </param>
            <param index="1">
              <value>
                <![CDATA[MacBook Air]]>
              </value>
            </param>
          </params>
          <reporter-output>
          </reporter-output>
        </test-method> <!-- searchProductTest -->
        <test-method signature="searchProductTest(java.lang.String,java.lang.String)[pri:0, instance:com.qa.opencart.test.AccountsPageTest@2a43e0ac]" started-at="2023-11-28T11:37:34 IST" name="searchProductTest" data-provider="getProductTestData" finished-at="2023-11-28T11:37:45 IST" duration-ms="10475" status="PASS">
          <params>
            <param index="0">
              <value>
                <![CDATA[Samsung]]>
              </value>
            </param>
            <param index="1">
              <value>
                <![CDATA[Samsung SyncMaster 941BW]]>
              </value>
            </param>
          </params>
          <reporter-output>
          </reporter-output>
        </test-method> <!-- searchProductTest -->
        <test-method signature="searchProductTest(java.lang.String,java.lang.String)[pri:0, instance:com.qa.opencart.test.AccountsPageTest@2a43e0ac]" started-at="2023-11-28T11:37:45 IST" name="searchProductTest" data-provider="getProductTestData" finished-at="2023-11-28T11:37:52 IST" duration-ms="7489" status="PASS">
          <params>
            <param index="0">
              <value>
                <![CDATA[Apple]]>
              </value>
            </param>
            <param index="1">
              <value>
                <![CDATA[Apple Cinema 30"]]>
              </value>
            </param>
          </params>
          <reporter-output>
          </reporter-output>
        </test-method> <!-- searchProductTest -->
        <test-method signature="searchProductTest(java.lang.String,java.lang.String)[pri:0, instance:com.qa.opencart.test.AccountsPageTest@2a43e0ac]" started-at="2023-11-28T11:37:52 IST" name="searchProductTest" data-provider="getProductTestData" finished-at="2023-11-28T11:37:58 IST" duration-ms="5546" status="PASS">
          <params>
            <param index="0">
              <value>
                <![CDATA[iMac]]>
              </value>
            </param>
            <param index="1">
              <value>
                <![CDATA[iMac]]>
              </value>
            </param>
          </params>
          <reporter-output>
          </reporter-output>
        </test-method> <!-- searchProductTest -->
        <test-method signature="searchProductTest(java.lang.String,java.lang.String)[pri:0, instance:com.qa.opencart.test.AccountsPageTest@2a43e0ac]" started-at="2023-11-28T11:37:58 IST" name="searchProductTest" data-provider="getProductTestData" finished-at="2023-11-28T11:38:03 IST" duration-ms="4833" status="PASS">
          <params>
            <param index="0">
              <value>
                <![CDATA[Samsung]]>
              </value>
            </param>
            <param index="1">
              <value>
                <![CDATA[Samsung Galaxy Tab 10.1]]>
              </value>
            </param>
          </params>
          <reporter-output>
          </reporter-output>
        </test-method> <!-- searchProductTest -->
        <test-method is-config="true" signature="tearDown()[pri:0, instance:com.qa.opencart.test.AccountsPageTest@2a43e0ac]" started-at="2023-11-28T11:38:03 IST" name="tearDown" finished-at="2023-11-28T11:38:03 IST" duration-ms="180" status="PASS">
          <reporter-output>
          </reporter-output>
        </test-method> <!-- tearDown -->
      </class> <!-- com.qa.opencart.test.AccountsPageTest -->
    </test> <!-- Account Page Test -->
    <test started-at="2023-11-28T11:38:03 IST" name="Product Info Page Test" finished-at="2023-11-28T11:38:34 IST" duration-ms="30745">
      <class name="com.qa.opencart.test.ProductPageInfoTest">
        <test-method is-config="true" signature="setup()[pri:0, instance:com.qa.opencart.test.ProductPageInfoTest@27be17c8]" started-at="2023-11-28T11:38:03 IST" name="setup" finished-at="2023-11-28T11:38:08 IST" duration-ms="4887" status="PASS">
          <reporter-output>
          </reporter-output>
        </test-method> <!-- setup -->
        <test-method is-config="true" signature="productInfoPageSetup()[pri:0, instance:com.qa.opencart.test.ProductPageInfoTest@27be17c8]" started-at="2023-11-28T11:38:08 IST" name="productInfoPageSetup" finished-at="2023-11-28T11:38:10 IST" duration-ms="2116" status="PASS">
          <reporter-output>
          </reporter-output>
        </test-method> <!-- productInfoPageSetup -->
        <test-method signature="addToCartTest()[pri:0, instance:com.qa.opencart.test.ProductPageInfoTest@27be17c8]" started-at="2023-11-28T11:38:10 IST" name="addToCartTest" finished-at="2023-11-28T11:38:16 IST" duration-ms="5684" status="PASS">
          <reporter-output>
          </reporter-output>
        </test-method> <!-- addToCartTest -->
        <test-method signature="productImagesCountTest(java.lang.String,java.lang.String,int)[pri:0, instance:com.qa.opencart.test.ProductPageInfoTest@27be17c8]" started-at="2023-11-28T11:38:16 IST" name="productImagesCountTest" data-provider="getProductImagesTestData" finished-at="2023-11-28T11:38:19 IST" duration-ms="3145" status="PASS">
          <params>
            <param index="0">
              <value>
                <![CDATA[Macbook]]>
              </value>
            </param>
            <param index="1">
              <value>
                <![CDATA[MacBook Pro]]>
              </value>
            </param>
            <param index="2">
              <value>
                <![CDATA[4]]>
              </value>
            </param>
          </params>
          <reporter-output>
          </reporter-output>
        </test-method> <!-- productImagesCountTest -->
        <test-method signature="productImagesCountTest(java.lang.String,java.lang.String,int)[pri:0, instance:com.qa.opencart.test.ProductPageInfoTest@27be17c8]" started-at="2023-11-28T11:38:19 IST" name="productImagesCountTest" data-provider="getProductImagesTestData" finished-at="2023-11-28T11:38:22 IST" duration-ms="2817" status="PASS">
          <params>
            <param index="0">
              <value>
                <![CDATA[Samsung]]>
              </value>
            </param>
            <param index="1">
              <value>
                <![CDATA[Samsung SyncMaster 941BW]]>
              </value>
            </param>
            <param index="2">
              <value>
                <![CDATA[1]]>
              </value>
            </param>
          </params>
          <reporter-output>
          </reporter-output>
        </test-method> <!-- productImagesCountTest -->
        <test-method signature="productImagesCountTest(java.lang.String,java.lang.String,int)[pri:0, instance:com.qa.opencart.test.ProductPageInfoTest@27be17c8]" started-at="2023-11-28T11:38:22 IST" name="productImagesCountTest" data-provider="getProductImagesTestData" finished-at="2023-11-28T11:38:26 IST" duration-ms="3982" status="PASS">
          <params>
            <param index="0">
              <value>
                <![CDATA[Apple]]>
              </value>
            </param>
            <param index="1">
              <value>
                <![CDATA[Apple Cinema 30"]]>
              </value>
            </param>
            <param index="2">
              <value>
                <![CDATA[6]]>
              </value>
            </param>
          </params>
          <reporter-output>
          </reporter-output>
        </test-method> <!-- productImagesCountTest -->
        <test-method signature="productImagesCountTest(java.lang.String,java.lang.String,int)[pri:0, instance:com.qa.opencart.test.ProductPageInfoTest@27be17c8]" started-at="2023-11-28T11:38:26 IST" name="productImagesCountTest" data-provider="getProductImagesTestData" finished-at="2023-11-28T11:38:29 IST" duration-ms="3584" status="PASS">
          <params>
            <param index="0">
              <value>
                <![CDATA[iMac]]>
              </value>
            </param>
            <param index="1">
              <value>
                <![CDATA[iMac]]>
              </value>
            </param>
            <param index="2">
              <value>
                <![CDATA[3]]>
              </value>
            </param>
          </params>
          <reporter-output>
          </reporter-output>
        </test-method> <!-- productImagesCountTest -->
        <test-method signature="productInfoPage()[pri:0, instance:com.qa.opencart.test.ProductPageInfoTest@27be17c8]" started-at="2023-11-28T11:38:29 IST" name="productInfoPage" finished-at="2023-11-28T11:38:34 IST" duration-ms="4246" status="PASS">
          <reporter-output>
          </reporter-output>
        </test-method> <!-- productInfoPage -->
        <test-method is-config="true" signature="tearDown()[pri:0, instance:com.qa.opencart.test.ProductPageInfoTest@27be17c8]" started-at="2023-11-28T11:38:34 IST" name="tearDown" finished-at="2023-11-28T11:38:34 IST" duration-ms="244" status="PASS">
          <reporter-output>
          </reporter-output>
        </test-method> <!-- tearDown -->
      </class> <!-- com.qa.opencart.test.ProductPageInfoTest -->
    </test> <!-- Product Info Page Test -->
  </suite> <!-- Opencart App Test Regression Suite -->
</testng-results>
